<?xml version="1.0" encoding="UTF-8"?>
<!-- Generated by org.testng.reporters.JUnitReportReporter -->
<testsuite hostname="PAR1LAP1103" failures="0" tests="2" name="Runner.TestRunner" time="41.042" errors="0" timestamp="30 Apr 2020 17:37:42 GMT">
  <testcase classname="Runner.TestRunner" name="feature" time="11.946"/>
  <testcase classname="Runner.TestRunner" name="feature" time="29.096"/>
</testsuite> <!-- Runner.TestRunner -->
